<?xml version="1.0" encoding="UTF-8"?>
<testsuites name="Login" time="66" tests="2" failures="0" errors="0">
   <testsuite name="Login" tests="2" failures="0" errors="0" time="66" timestamp="2018-03-06 13:18:09" hostname="saomflau - SAOM4271.americas.ad.flextronics.com" id="Test Suites/Login/Login">
      <properties>
         <property name="deviceName" value=""/>
         <property name="devicePlatform" value=""/>
         <property name="logFolder" value="C:\\Users\\saomflau\\Desktop\\Teste\\katalon\\Reports\\Login\\Login\\20180306_131806"/>
         <property name="logFiles" value="C:\\Users\\saomflau\\Desktop\\Teste\\katalon\\Reports\\Login\\Login\\20180306_131806\\execution0.log"/>
         <property name="attachments" value=""/>
         <property name="hostName" value="saomflau - SAOM4271.americas.ad.flextronics.com"/>
         <property name="os" value="Windows 10 64bit"/>
         <property name="katalonVersion" value="5.3.0.1"/>
         <property name="browser" value="Chrome 64.0.3282.186"/>
         <property name="hostAddress" value="10.110.5.53"/>
         <property name="sessionId" value="fa8277c83c00f913f8c10b081308a1e1"/>
         <property name="seleniumVersion" value="3.7.1"/>
         <property name="proxyInformation" value="ProxyInformation{proxyOption=NO_PROXY, proxyServerType=HTTP, password=, proxyServerAddress=, proxyServerPort=0}"/>
         <property name="platform" value="Windows 10"/>
      </properties>
      <testcase name="Test Cases/Login valido" classname="Test Cases/Login valido" status="PASSED">
         <system-out><![CDATA[2018-03-06 13:18:09 - [TEST_CASE][PASSED] - Test Cases/Login valido: Test Cases/Login valido

2018-03-06 13:18:10 - [TEST_STEP][PASSED] - openBrowser: Browser is opened with url: ''

2018-03-06 13:18:15 - [MESSAGE][PASSED] - Browser is opened with url: ''

2018-03-06 13:18:15 - [TEST_STEP][PASSED] - navigateToUrl: Navigate to 'http://opensource.demo.orangehrmlive.com/index.php/auth/login' successfully

2018-03-06 13:18:19 - [MESSAGE][PASSED] - Navigate to 'http://opensource.demo.orangehrmlive.com/index.php/auth/login' successfully

2018-03-06 13:18:19 - [TEST_STEP][PASSED] - click: Object: 'Object Repository/Page_Login/span_Username' is clicked on

2018-03-06 13:18:20 - [MESSAGE][PASSED] - Object: 'Object Repository/Page_Login/span_Username' is clicked on

2018-03-06 13:18:20 - [TEST_STEP][PASSED] - setText: Text 'admin' is set on object 'Object Repository/Page_Login/input_txtUsername'

2018-03-06 13:18:20 - [MESSAGE][PASSED] - Text 'admin' is set on object 'Object Repository/Page_Login/input_txtUsername'

2018-03-06 13:18:20 - [TEST_STEP][PASSED] - setText: Text 'teste' is set on object 'Object Repository/Page_Login/input_txtPassword'

2018-03-06 13:18:20 - [MESSAGE][PASSED] - Text 'teste' is set on object 'Object Repository/Page_Login/input_txtPassword'

2018-03-06 13:18:20 - [TEST_STEP][PASSED] - click: Object: 'Object Repository/Page_Login/input_Submit' is clicked on

2018-03-06 13:18:21 - [MESSAGE][PASSED] - Object: 'Object Repository/Page_Login/input_Submit' is clicked on

2018-03-06 13:18:21 - [TEST_STEP][PASSED] - waitForElementVisible: Web element with id: 'Object Repository/Page_Login/a_Welcome Admin' located by 'By.xpath: //a[@href = '#' and @id = 'welcome' and (text() = 'Welcome Admin' or . = 'Welcome Admin')]' not found

2018-03-06 13:18:32 - [MESSAGE][WARNING] - Web element with id: 'Object Repository/Page_Login/a_Welcome Admin' located by 'By.xpath: //a[@href = '#' and @id = 'welcome' and (text() = 'Welcome Admin' or . = 'Welcome Admin')]' not found

2018-03-06 13:18:32 - [TEST_STEP][PASSED] - verifyElementText: Actual text and expected text of test object 'Object Repository/Page_Login/a_Welcome Admin' are matched.

2018-03-06 13:19:06 - [MESSAGE][PASSED] - Actual text and expected text of test object 'Object Repository/Page_Login/a_Welcome Admin' are matched.

2018-03-06 13:19:06 - [TEST_STEP][PASSED] - closeBrowser: Browser is closed

2018-03-06 13:19:06 - [MESSAGE][PASSED] - Browser is closed]]></system-out>
         <system-err><![CDATA[]]></system-err>
      </testcase>
      <testcase name="Test Cases/Login invalido" classname="Test Cases/Login invalido" status="PASSED">
         <system-out><![CDATA[2018-03-06 13:19:06 - [TEST_CASE][PASSED] - Test Cases/Login invalido: Test Cases/Login invalido

2018-03-06 13:19:07 - [TEST_STEP][PASSED] - openBrowser: Browser is opened with url: ''

2018-03-06 13:19:09 - [MESSAGE][PASSED] - Browser is opened with url: ''

2018-03-06 13:19:09 - [TEST_STEP][PASSED] - navigateToUrl: Navigate to 'http://opensource.demo.orangehrmlive.com/index.php/auth/login' successfully

2018-03-06 13:19:13 - [MESSAGE][PASSED] - Navigate to 'http://opensource.demo.orangehrmlive.com/index.php/auth/login' successfully

2018-03-06 13:19:13 - [TEST_STEP][PASSED] - click: Object: 'Object Repository/Page_Login/span_Username' is clicked on

2018-03-06 13:19:13 - [MESSAGE][PASSED] - Object: 'Object Repository/Page_Login/span_Username' is clicked on

2018-03-06 13:19:13 - [TEST_STEP][PASSED] - setText: Text 'admin' is set on object 'Object Repository/Page_Login/input_txtUsername'

2018-03-06 13:19:13 - [MESSAGE][PASSED] - Text 'admin' is set on object 'Object Repository/Page_Login/input_txtUsername'

2018-03-06 13:19:13 - [TEST_STEP][PASSED] - setText: Text 'teste' is set on object 'Object Repository/Page_Login/input_txtPassword'

2018-03-06 13:19:14 - [MESSAGE][PASSED] - Text 'teste' is set on object 'Object Repository/Page_Login/input_txtPassword'

2018-03-06 13:19:14 - [TEST_STEP][PASSED] - click: Object: 'Object Repository/Page_Login/input_Submit' is clicked on

2018-03-06 13:19:15 - [MESSAGE][PASSED] - Object: 'Object Repository/Page_Login/input_Submit' is clicked on

2018-03-06 13:19:15 - [TEST_STEP][PASSED] - verifyTextNotPresent: Text 'Welcome Admin' is not present on page

2018-03-06 13:19:15 - [MESSAGE][PASSED] - Text 'Welcome Admin' is not present on page

2018-03-06 13:19:15 - [TEST_STEP][PASSED] - closeBrowser: Browser is closed

2018-03-06 13:19:15 - [MESSAGE][PASSED] - Browser is closed]]></system-out>
         <system-err><![CDATA[]]></system-err>
      </testcase>
      <system-out><![CDATA[2018-03-06 13:18:09 - [TEST_SUITE][PASSED] - Login: Test Cases/Login invalido]]></system-out>
      <system-err><![CDATA[]]></system-err>
   </testsuite>
</testsuites>
