<?xml version="1.0" encoding="UTF-8"?>
<testsuites name="Employee" time="67" tests="2" failures="0" errors="0">
   <testsuite name="Employee" tests="2" failures="0" errors="0" time="67" timestamp="2018-03-21 23:29:33" hostname="Maria - Flauzino" id="Test Suites/Employee/Employee">
      <properties>
         <property name="deviceName" value=""/>
         <property name="devicePlatform" value=""/>
         <property name="logFolder" value="C:\\Users\\Maria\\git\\katalon\\Reports\\Employee\\Employee\\20180321_232929"/>
         <property name="logFiles" value="C:\\Users\\Maria\\git\\katalon\\Reports\\Employee\\Employee\\20180321_232929\\execution0.log"/>
         <property name="attachments" value=""/>
         <property name="hostName" value="Maria - Flauzino"/>
         <property name="os" value="Windows 10 64bit"/>
         <property name="katalonVersion" value="5.3.1.1"/>
         <property name="browser" value="Chrome 64.0.3282.186"/>
         <property name="hostAddress" value="192.168.0.15"/>
         <property name="sessionId" value="931b3e0e5da103607c8f068de592f609"/>
         <property name="seleniumVersion" value="3.7.1"/>
         <property name="proxyInformation" value="ProxyInformation{proxyOption=NO_PROXY, proxyServerType=HTTP, password=, proxyServerAddress=, proxyServerPort=0}"/>
         <property name="platform" value="Windows 10"/>
      </properties>
      <testcase name="Test Cases/Employee/AddEmployeeFullWithLogin" classname="Test Cases/Employee/AddEmployeeFullWithLogin" status="PASSED">
         <system-out><![CDATA[2018-03-21 23:29:33 - [TEST_CASE][PASSED] - Test Cases/Employee/AddEmployeeFullWithLogin: Test Cases/Employee/AddEmployeeFullWithLogin

2018-03-21 23:29:34 - [TEST_STEP][PASSED] - callTestCase: Call Test Case 'Test Cases/General/Login' successfully

2018-03-21 23:29:34 - [TEST_CASE][PASSED] - Test Cases/General/Login: Test Cases/General/Login

2018-03-21 23:29:35 - [TEST_STEP][PASSED] - openBrowser: Browser is opened with url: ''

2018-03-21 23:29:41 - [MESSAGE][PASSED] - Browser is opened with url: ''

2018-03-21 23:29:41 - [TEST_STEP][PASSED] - navigateToUrl: Navigate to 'http://opensource.demo.orangehrmlive.com/index.php/auth/login' successfully

2018-03-21 23:29:47 - [MESSAGE][PASSED] - Navigate to 'http://opensource.demo.orangehrmlive.com/index.php/auth/login' successfully

2018-03-21 23:29:47 - [TEST_STEP][PASSED] - maximizeWindow: Current window maximized

2018-03-21 23:29:48 - [MESSAGE][PASSED] - Current window maximized

2018-03-21 23:29:48 - [TEST_STEP][PASSED] - click: Object: 'Object Repository/Page_Login/span_Username' is clicked on

2018-03-21 23:29:48 - [MESSAGE][PASSED] - Object: 'Object Repository/Page_Login/span_Username' is clicked on

2018-03-21 23:29:48 - [TEST_STEP][PASSED] - setText: Text 'admin' is set on object 'Object Repository/Page_Login/input_txtUsername'

2018-03-21 23:29:49 - [MESSAGE][PASSED] - Text 'admin' is set on object 'Object Repository/Page_Login/input_txtUsername'

2018-03-21 23:29:49 - [TEST_STEP][PASSED] - setText: Text 'admin' is set on object 'Object Repository/Page_Login/input_txtPassword'

2018-03-21 23:29:49 - [MESSAGE][PASSED] - Text 'admin' is set on object 'Object Repository/Page_Login/input_txtPassword'

2018-03-21 23:29:49 - [TEST_STEP][PASSED] - click: Object: 'Object Repository/Page_Login/input_Submit' is clicked on

2018-03-21 23:29:52 - [MESSAGE][PASSED] - Object: 'Object Repository/Page_Login/input_Submit' is clicked on

2018-03-21 23:29:52 - [MESSAGE][PASSED] - Call Test Case 'Test Cases/General/Login' successfully

2018-03-21 23:29:52 - [TEST_STEP][PASSED] - click: Object: 'Object Repository/Page_Employee/b_PIM' is clicked on

2018-03-21 23:29:53 - [MESSAGE][PASSED] - Object: 'Object Repository/Page_Employee/b_PIM' is clicked on

2018-03-21 23:29:53 - [TEST_STEP][PASSED] - click: Object: 'Object Repository/Page_Employee/a_Add Employee' is clicked on

2018-03-21 23:29:54 - [MESSAGE][PASSED] - Object: 'Object Repository/Page_Employee/a_Add Employee' is clicked on

2018-03-21 23:29:54 - [TEST_STEP][PASSED] - sendKeys: Keys 'Caio' sent to object: 'Object Repository/Page_Employee/input_firstName'

2018-03-21 23:29:54 - [MESSAGE][PASSED] - Keys 'Caio' sent to object: 'Object Repository/Page_Employee/input_firstName'

2018-03-21 23:29:54 - [TEST_STEP][PASSED] - sendKeys: Keys 'Almeida' sent to object: 'Object Repository/Page_Employee/input_middleName'

2018-03-21 23:29:54 - [MESSAGE][PASSED] - Keys 'Almeida' sent to object: 'Object Repository/Page_Employee/input_middleName'

2018-03-21 23:29:54 - [TEST_STEP][PASSED] - sendKeys: Keys 'Jr' sent to object: 'Object Repository/Page_Employee/input_lastName'

2018-03-21 23:29:55 - [MESSAGE][PASSED] - Keys 'Jr' sent to object: 'Object Repository/Page_Employee/input_lastName'

2018-03-21 23:29:55 - [TEST_STEP][PASSED] - util.SelectFile.SelectFile: util.SelectFile.SelectFile is PASSED

2018-03-21 23:29:55 - [MESSAGE][PASSED] - Object: 'Object Repository/Page_Employee/input_photofile' is clicked on

2018-03-21 23:30:00 - [MESSAGE][WARNING] - No alert found after 1 second(s).

2018-03-21 23:30:05 - [MESSAGE][PASSED] - util.SelectFile.SelectFile is PASSED

2018-03-21 23:30:05 - [TEST_STEP][PASSED] - Statement - If (CreateLoginDetails == "yes"): All options with value 'Enabled' are selected in object 'Object Repository/Page_Employee/select_EnabledDisabled' 

2018-03-21 23:30:05 - [TEST_STEP][PASSED] - check: Object 'Object Repository/Page_Employee/input_chkLogin' is checked

2018-03-21 23:30:05 - [MESSAGE][PASSED] - Object 'Object Repository/Page_Employee/input_chkLogin' is checked

2018-03-21 23:30:05 - [TEST_STEP][PASSED] - sendKeys: Keys 'Cjunior' sent to object: 'Object Repository/Page_Employee/input_user_name'

2018-03-21 23:30:05 - [MESSAGE][PASSED] - Keys 'Cjunior' sent to object: 'Object Repository/Page_Employee/input_user_name'

2018-03-21 23:30:05 - [TEST_STEP][PASSED] - setText: Text '123456' is set on object 'Object Repository/Page_Employee/input_user_password'

2018-03-21 23:30:06 - [MESSAGE][PASSED] - Text '123456' is set on object 'Object Repository/Page_Employee/input_user_password'

2018-03-21 23:30:06 - [TEST_STEP][PASSED] - setText: Text '123456' is set on object 'Object Repository/Page_Employee/input_re_password'

2018-03-21 23:30:06 - [MESSAGE][PASSED] - Text '123456' is set on object 'Object Repository/Page_Employee/input_re_password'

2018-03-21 23:30:06 - [TEST_STEP][PASSED] - selectOptionByValue: All options with value 'Enabled' are selected in object 'Object Repository/Page_Employee/select_EnabledDisabled' 

2018-03-21 23:30:06 - [MESSAGE][PASSED] - All options with value 'Enabled' are selected in object 'Object Repository/Page_Employee/select_EnabledDisabled' 

2018-03-21 23:30:06 - [TEST_STEP][PASSED] - click: Object: 'Object Repository/Page_Employee/input_btnSave' is clicked on

2018-03-21 23:30:08 - [MESSAGE][PASSED] - Object: 'Object Repository/Page_Employee/input_btnSave' is clicked on

2018-03-21 23:30:08 - [TEST_STEP][PASSED] - verifyElementVisible: Object 'Object Repository/Page_Employee/h1_Personal Details' is visible

2018-03-21 23:30:08 - [MESSAGE][PASSED] - Object 'Object Repository/Page_Employee/h1_Personal Details' is visible

2018-03-21 23:30:08 - [TEST_STEP][PASSED] - callTestCase: Call Test Case 'Test Cases/General/Logout and Close' successfully

2018-03-21 23:30:08 - [TEST_CASE][PASSED] - Test Cases/General/Logout and Close: Test Cases/General/Logout and Close

2018-03-21 23:30:08 - [TEST_STEP][PASSED] - click: Object: 'Object Repository/Page_Login/a_Welcome Admin' is clicked on

2018-03-21 23:30:08 - [MESSAGE][PASSED] - Object: 'Object Repository/Page_Login/a_Welcome Admin' is clicked on

2018-03-21 23:30:08 - [TEST_STEP][PASSED] - mouseOver: Object: 'Object Repository/Page_Login/a_Logout' is hovered

2018-03-21 23:30:09 - [MESSAGE][PASSED] - Object: 'Object Repository/Page_Login/a_Logout' is hovered

2018-03-21 23:30:09 - [TEST_STEP][PASSED] - click: Object: 'Object Repository/Page_Login/a_Logout' is clicked on

2018-03-21 23:30:09 - [MESSAGE][PASSED] - Object: 'Object Repository/Page_Login/a_Logout' is clicked on

2018-03-21 23:30:09 - [TEST_STEP][PASSED] - closeBrowser: Browser is closed

2018-03-21 23:30:10 - [MESSAGE][PASSED] - Browser is closed

2018-03-21 23:30:10 - [MESSAGE][PASSED] - Call Test Case 'Test Cases/General/Logout and Close' successfully]]></system-out>
         <system-err><![CDATA[]]></system-err>
      </testcase>
      <testcase name="Test Cases/Employee/AddEmployeeFullWithLogin" classname="Test Cases/Employee/AddEmployeeFullWithLogin" status="PASSED">
         <system-out><![CDATA[2018-03-21 23:30:10 - [TEST_CASE][PASSED] - Test Cases/Employee/AddEmployeeFullWithLogin: Test Cases/Employee/AddEmployeeFullWithLogin

2018-03-21 23:30:10 - [TEST_STEP][PASSED] - callTestCase: Call Test Case 'Test Cases/General/Login' successfully

2018-03-21 23:30:10 - [TEST_CASE][PASSED] - Test Cases/General/Login: Test Cases/General/Login

2018-03-21 23:30:10 - [TEST_STEP][PASSED] - openBrowser: Browser is opened with url: ''

2018-03-21 23:30:14 - [MESSAGE][PASSED] - Browser is opened with url: ''

2018-03-21 23:30:14 - [TEST_STEP][PASSED] - navigateToUrl: Navigate to 'http://opensource.demo.orangehrmlive.com/index.php/auth/login' successfully

2018-03-21 23:30:19 - [MESSAGE][PASSED] - Navigate to 'http://opensource.demo.orangehrmlive.com/index.php/auth/login' successfully

2018-03-21 23:30:19 - [TEST_STEP][PASSED] - maximizeWindow: Current window maximized

2018-03-21 23:30:20 - [MESSAGE][PASSED] - Current window maximized

2018-03-21 23:30:20 - [TEST_STEP][PASSED] - click: Object: 'Object Repository/Page_Login/span_Username' is clicked on

2018-03-21 23:30:21 - [MESSAGE][PASSED] - Object: 'Object Repository/Page_Login/span_Username' is clicked on

2018-03-21 23:30:21 - [TEST_STEP][PASSED] - setText: Text 'admin' is set on object 'Object Repository/Page_Login/input_txtUsername'

2018-03-21 23:30:21 - [MESSAGE][PASSED] - Text 'admin' is set on object 'Object Repository/Page_Login/input_txtUsername'

2018-03-21 23:30:21 - [TEST_STEP][PASSED] - setText: Text 'admin' is set on object 'Object Repository/Page_Login/input_txtPassword'

2018-03-21 23:30:21 - [MESSAGE][PASSED] - Text 'admin' is set on object 'Object Repository/Page_Login/input_txtPassword'

2018-03-21 23:30:21 - [TEST_STEP][PASSED] - click: Object: 'Object Repository/Page_Login/input_Submit' is clicked on

2018-03-21 23:30:23 - [MESSAGE][PASSED] - Object: 'Object Repository/Page_Login/input_Submit' is clicked on

2018-03-21 23:30:23 - [MESSAGE][PASSED] - Call Test Case 'Test Cases/General/Login' successfully

2018-03-21 23:30:23 - [TEST_STEP][PASSED] - click: Object: 'Object Repository/Page_Employee/b_PIM' is clicked on

2018-03-21 23:30:25 - [MESSAGE][PASSED] - Object: 'Object Repository/Page_Employee/b_PIM' is clicked on

2018-03-21 23:30:25 - [TEST_STEP][PASSED] - click: Object: 'Object Repository/Page_Employee/a_Add Employee' is clicked on

2018-03-21 23:30:26 - [MESSAGE][PASSED] - Object: 'Object Repository/Page_Employee/a_Add Employee' is clicked on

2018-03-21 23:30:26 - [TEST_STEP][PASSED] - sendKeys: Keys 'Bruna ' sent to object: 'Object Repository/Page_Employee/input_firstName'

2018-03-21 23:30:26 - [MESSAGE][PASSED] - Keys 'Bruna ' sent to object: 'Object Repository/Page_Employee/input_firstName'

2018-03-21 23:30:26 - [TEST_STEP][PASSED] - sendKeys: Keys 'Sampaio' sent to object: 'Object Repository/Page_Employee/input_middleName'

2018-03-21 23:30:26 - [MESSAGE][PASSED] - Keys 'Sampaio' sent to object: 'Object Repository/Page_Employee/input_middleName'

2018-03-21 23:30:26 - [TEST_STEP][PASSED] - sendKeys: Keys 'Silva' sent to object: 'Object Repository/Page_Employee/input_lastName'

2018-03-21 23:30:26 - [MESSAGE][PASSED] - Keys 'Silva' sent to object: 'Object Repository/Page_Employee/input_lastName'

2018-03-21 23:30:26 - [TEST_STEP][PASSED] - util.SelectFile.SelectFile: util.SelectFile.SelectFile is PASSED

2018-03-21 23:30:26 - [MESSAGE][PASSED] - Object: 'Object Repository/Page_Employee/input_photofile' is clicked on

2018-03-21 23:30:32 - [MESSAGE][WARNING] - No alert found after 1 second(s).

2018-03-21 23:30:36 - [MESSAGE][PASSED] - util.SelectFile.SelectFile is PASSED

2018-03-21 23:30:36 - [TEST_STEP][PASSED] - Statement - If (CreateLoginDetails == "yes"): null

2018-03-21 23:30:36 - [TEST_STEP][PASSED] - click: Object: 'Object Repository/Page_Employee/input_btnSave' is clicked on

2018-03-21 23:30:38 - [MESSAGE][PASSED] - Object: 'Object Repository/Page_Employee/input_btnSave' is clicked on

2018-03-21 23:30:38 - [TEST_STEP][PASSED] - verifyElementVisible: Object 'Object Repository/Page_Employee/h1_Personal Details' is visible

2018-03-21 23:30:38 - [MESSAGE][PASSED] - Object 'Object Repository/Page_Employee/h1_Personal Details' is visible

2018-03-21 23:30:38 - [TEST_STEP][PASSED] - callTestCase: Call Test Case 'Test Cases/General/Logout and Close' successfully

2018-03-21 23:30:38 - [TEST_CASE][PASSED] - Test Cases/General/Logout and Close: Test Cases/General/Logout and Close

2018-03-21 23:30:38 - [TEST_STEP][PASSED] - click: Object: 'Object Repository/Page_Login/a_Welcome Admin' is clicked on

2018-03-21 23:30:38 - [MESSAGE][PASSED] - Object: 'Object Repository/Page_Login/a_Welcome Admin' is clicked on

2018-03-21 23:30:38 - [TEST_STEP][PASSED] - mouseOver: Object: 'Object Repository/Page_Login/a_Logout' is hovered

2018-03-21 23:30:38 - [MESSAGE][PASSED] - Object: 'Object Repository/Page_Login/a_Logout' is hovered

2018-03-21 23:30:38 - [TEST_STEP][PASSED] - click: Object: 'Object Repository/Page_Login/a_Logout' is clicked on

2018-03-21 23:30:39 - [MESSAGE][PASSED] - Object: 'Object Repository/Page_Login/a_Logout' is clicked on

2018-03-21 23:30:39 - [TEST_STEP][PASSED] - closeBrowser: Browser is closed

2018-03-21 23:30:40 - [MESSAGE][PASSED] - Browser is closed

2018-03-21 23:30:40 - [MESSAGE][PASSED] - Call Test Case 'Test Cases/General/Logout and Close' successfully]]></system-out>
         <system-err><![CDATA[]]></system-err>
      </testcase>
      <system-out><![CDATA[2018-03-21 23:29:33 - [TEST_SUITE][PASSED] - Employee: Test Cases/Employee/AddEmployeeFullWithLogin]]></system-out>
      <system-err><![CDATA[]]></system-err>
   </testsuite>
</testsuites>
